<?xml version="1.0" encoding="UTF-8"?>
<testng-results skipped="0" failed="4" ignored="0" total="11" passed="7">
  <reporter-output>
  </reporter-output>
  <suite name="Pango App Suite" duration-ms="179258" started-at="2019-05-15T14:29:26Z" finished-at="2019-05-15T14:32:25Z">
    <groups>
    </groups>
    <test name="Automated test - End2End" duration-ms="179258" started-at="2019-05-15T14:29:26Z" finished-at="2019-05-15T14:32:25Z">
      <class name="TestNG.sanityAllOptions">
        <test-method status="PASS" signature="initialOfferQuestions()[pri:10, instance:TestNG.sanityAllOptions@272113c4]" name="initialOfferQuestions" duration-ms="18983" started-at="2019-05-15T14:29:26Z" finished-at="2019-05-15T14:29:45Z">
          <reporter-output>
          </reporter-output>
        </test-method> <!-- initialOfferQuestions -->
        <test-method status="PASS" signature="initialOfferScreen()[pri:20, instance:TestNG.sanityAllOptions@272113c4]" name="initialOfferScreen" duration-ms="27221" started-at="2019-05-15T14:29:45Z" finished-at="2019-05-15T14:30:12Z">
          <reporter-output>
          </reporter-output>
        </test-method> <!-- initialOfferScreen -->
        <test-method status="PASS" signature="callMeWizard1()[pri:30, instance:TestNG.sanityAllOptions@272113c4]" name="callMeWizard1" duration-ms="7054" started-at="2019-05-15T14:30:12Z" finished-at="2019-05-15T14:30:19Z">
          <reporter-output>
          </reporter-output>
        </test-method> <!-- callMeWizard1 -->
        <test-method status="PASS" signature="finalOfferQuestions()[pri:40, instance:TestNG.sanityAllOptions@272113c4]" name="finalOfferQuestions" duration-ms="51823" started-at="2019-05-15T14:30:19Z" finished-at="2019-05-15T14:31:11Z">
          <reporter-output>
          </reporter-output>
        </test-method> <!-- finalOfferQuestions -->
        <test-method status="PASS" signature="finalOfferScreen()[pri:50, instance:TestNG.sanityAllOptions@272113c4]" name="finalOfferScreen" duration-ms="17220" started-at="2019-05-15T14:31:11Z" finished-at="2019-05-15T14:31:28Z">
          <reporter-output>
          </reporter-output>
        </test-method> <!-- finalOfferScreen -->
        <test-method status="PASS" signature="callMeWizard2()[pri:60, instance:TestNG.sanityAllOptions@272113c4]" name="callMeWizard2" duration-ms="10130" started-at="2019-05-15T14:31:28Z" finished-at="2019-05-15T14:31:38Z">
          <reporter-output>
          </reporter-output>
        </test-method> <!-- callMeWizard2 -->
        <test-method status="PASS" signature="covers()[pri:70, instance:TestNG.sanityAllOptions@272113c4]" name="covers" duration-ms="2330" started-at="2019-05-15T14:31:38Z" finished-at="2019-05-15T14:31:41Z">
          <reporter-output>
          </reporter-output>
        </test-method> <!-- covers -->
        <test-method status="FAIL" signature="payments()[pri:80, instance:TestNG.sanityAllOptions@272113c4]" name="payments" duration-ms="5314" started-at="2019-05-15T14:31:41Z" finished-at="2019-05-15T14:31:46Z">
          <exception class="java.lang.Exception">
            <message>
              <![CDATA[Failed in PAYMENTS screen]]>
            </message>
            <full-stacktrace>
              <![CDATA[java.lang.Exception: Failed in PAYMENTS screen
at TestNG.sanityAllOptions.payments(sanityAllOptions.java:869)
at sun.reflect.NativeMethodAccessorImpl.invoke0(Native Method)
at sun.reflect.NativeMethodAccessorImpl.invoke(Unknown Source)
at sun.reflect.DelegatingMethodAccessorImpl.invoke(Unknown Source)
at java.lang.reflect.Method.invoke(Unknown Source)
at org.testng.internal.MethodInvocationHelper.invokeMethod(MethodInvocationHelper.java:124)
at org.testng.internal.Invoker.invokeMethod(Invoker.java:583)
at org.testng.internal.Invoker.invokeTestMethod(Invoker.java:719)
at org.testng.internal.Invoker.invokeTestMethods(Invoker.java:989)
at org.testng.internal.TestMethodWorker.invokeTestMethods(TestMethodWorker.java:125)
at org.testng.internal.TestMethodWorker.run(TestMethodWorker.java:109)
at org.testng.TestRunner.privateRun(TestRunner.java:648)
at org.testng.TestRunner.run(TestRunner.java:505)
at org.testng.SuiteRunner.runTest(SuiteRunner.java:455)
at org.testng.SuiteRunner.access$000(SuiteRunner.java:40)
at org.testng.SuiteRunner$SuiteWorker.run(SuiteRunner.java:489)
at org.testng.internal.thread.ThreadUtil$1.call(ThreadUtil.java:52)
at java.util.concurrent.FutureTask.run(Unknown Source)
at java.util.concurrent.ThreadPoolExecutor.runWorker(Unknown Source)
at java.util.concurrent.ThreadPoolExecutor$Worker.run(Unknown Source)
at java.lang.Thread.run(Unknown Source)
]]>
            </full-stacktrace>
          </exception> <!-- java.lang.Exception -->
          <reporter-output>
          </reporter-output>
        </test-method> <!-- payments -->
        <test-method status="FAIL" signature="iframeCreditGuard()[pri:90, instance:TestNG.sanityAllOptions@272113c4]" name="iframeCreditGuard" duration-ms="10008" started-at="2019-05-15T14:31:46Z" finished-at="2019-05-15T14:31:56Z">
          <exception class="java.lang.Exception">
            <message>
              <![CDATA[Failed in Iframe CreditGuard]]>
            </message>
            <full-stacktrace>
              <![CDATA[java.lang.Exception: Failed in Iframe CreditGuard
at TestNG.sanityAllOptions.iframeCreditGuard(sanityAllOptions.java:908)
at sun.reflect.NativeMethodAccessorImpl.invoke0(Native Method)
at sun.reflect.NativeMethodAccessorImpl.invoke(Unknown Source)
at sun.reflect.DelegatingMethodAccessorImpl.invoke(Unknown Source)
at java.lang.reflect.Method.invoke(Unknown Source)
at org.testng.internal.MethodInvocationHelper.invokeMethod(MethodInvocationHelper.java:124)
at org.testng.internal.Invoker.invokeMethod(Invoker.java:583)
at org.testng.internal.Invoker.invokeTestMethod(Invoker.java:719)
at org.testng.internal.Invoker.invokeTestMethods(Invoker.java:989)
at org.testng.internal.TestMethodWorker.invokeTestMethods(TestMethodWorker.java:125)
at org.testng.internal.TestMethodWorker.run(TestMethodWorker.java:109)
at org.testng.TestRunner.privateRun(TestRunner.java:648)
at org.testng.TestRunner.run(TestRunner.java:505)
at org.testng.SuiteRunner.runTest(SuiteRunner.java:455)
at org.testng.SuiteRunner.access$000(SuiteRunner.java:40)
at org.testng.SuiteRunner$SuiteWorker.run(SuiteRunner.java:489)
at org.testng.internal.thread.ThreadUtil$1.call(ThreadUtil.java:52)
at java.util.concurrent.FutureTask.run(Unknown Source)
at java.util.concurrent.ThreadPoolExecutor.runWorker(Unknown Source)
at java.util.concurrent.ThreadPoolExecutor$Worker.run(Unknown Source)
at java.lang.Thread.run(Unknown Source)
]]>
            </full-stacktrace>
          </exception> <!-- java.lang.Exception -->
          <reporter-output>
          </reporter-output>
        </test-method> <!-- iframeCreditGuard -->
        <test-method status="FAIL" signature="thankYouPage()[pri:100, instance:TestNG.sanityAllOptions@272113c4]" name="thankYouPage" duration-ms="25108" started-at="2019-05-15T14:31:56Z" finished-at="2019-05-15T14:32:21Z">
          <exception class="java.lang.Exception">
            <message>
              <![CDATA[Failed to display thank you page]]>
            </message>
            <full-stacktrace>
              <![CDATA[java.lang.Exception: Failed to display thank you page
at TestNG.sanityAllOptions.thankYouPage(sanityAllOptions.java:924)
at sun.reflect.NativeMethodAccessorImpl.invoke0(Native Method)
at sun.reflect.NativeMethodAccessorImpl.invoke(Unknown Source)
at sun.reflect.DelegatingMethodAccessorImpl.invoke(Unknown Source)
at java.lang.reflect.Method.invoke(Unknown Source)
at org.testng.internal.MethodInvocationHelper.invokeMethod(MethodInvocationHelper.java:124)
at org.testng.internal.Invoker.invokeMethod(Invoker.java:583)
at org.testng.internal.Invoker.invokeTestMethod(Invoker.java:719)
at org.testng.internal.Invoker.invokeTestMethods(Invoker.java:989)
at org.testng.internal.TestMethodWorker.invokeTestMethods(TestMethodWorker.java:125)
at org.testng.internal.TestMethodWorker.run(TestMethodWorker.java:109)
at org.testng.TestRunner.privateRun(TestRunner.java:648)
at org.testng.TestRunner.run(TestRunner.java:505)
at org.testng.SuiteRunner.runTest(SuiteRunner.java:455)
at org.testng.SuiteRunner.access$000(SuiteRunner.java:40)
at org.testng.SuiteRunner$SuiteWorker.run(SuiteRunner.java:489)
at org.testng.internal.thread.ThreadUtil$1.call(ThreadUtil.java:52)
at java.util.concurrent.FutureTask.run(Unknown Source)
at java.util.concurrent.ThreadPoolExecutor.runWorker(Unknown Source)
at java.util.concurrent.ThreadPoolExecutor$Worker.run(Unknown Source)
at java.lang.Thread.run(Unknown Source)
]]>
            </full-stacktrace>
          </exception> <!-- java.lang.Exception -->
          <reporter-output>
          </reporter-output>
        </test-method> <!-- thankYouPage -->
        <test-method status="FAIL" signature="registeredAccount()[pri:110, instance:TestNG.sanityAllOptions@272113c4]" name="registeredAccount" duration-ms="4026" started-at="2019-05-15T14:32:21Z" finished-at="2019-05-15T14:32:25Z">
          <exception class="java.lang.Exception">
            <message>
              <![CDATA[Failed to display thank you page]]>
            </message>
            <full-stacktrace>
              <![CDATA[java.lang.Exception: Failed to display thank you page
at TestNG.sanityAllOptions.registeredAccount(sanityAllOptions.java:944)
at sun.reflect.NativeMethodAccessorImpl.invoke0(Native Method)
at sun.reflect.NativeMethodAccessorImpl.invoke(Unknown Source)
at sun.reflect.DelegatingMethodAccessorImpl.invoke(Unknown Source)
at java.lang.reflect.Method.invoke(Unknown Source)
at org.testng.internal.MethodInvocationHelper.invokeMethod(MethodInvocationHelper.java:124)
at org.testng.internal.Invoker.invokeMethod(Invoker.java:583)
at org.testng.internal.Invoker.invokeTestMethod(Invoker.java:719)
at org.testng.internal.Invoker.invokeTestMethods(Invoker.java:989)
at org.testng.internal.TestMethodWorker.invokeTestMethods(TestMethodWorker.java:125)
at org.testng.internal.TestMethodWorker.run(TestMethodWorker.java:109)
at org.testng.TestRunner.privateRun(TestRunner.java:648)
at org.testng.TestRunner.run(TestRunner.java:505)
at org.testng.SuiteRunner.runTest(SuiteRunner.java:455)
at org.testng.SuiteRunner.access$000(SuiteRunner.java:40)
at org.testng.SuiteRunner$SuiteWorker.run(SuiteRunner.java:489)
at org.testng.internal.thread.ThreadUtil$1.call(ThreadUtil.java:52)
at java.util.concurrent.FutureTask.run(Unknown Source)
at java.util.concurrent.ThreadPoolExecutor.runWorker(Unknown Source)
at java.util.concurrent.ThreadPoolExecutor$Worker.run(Unknown Source)
at java.lang.Thread.run(Unknown Source)
]]>
            </full-stacktrace>
          </exception> <!-- java.lang.Exception -->
          <reporter-output>
          </reporter-output>
        </test-method> <!-- registeredAccount -->
      </class> <!-- TestNG.sanityAllOptions -->
    </test> <!-- Automated test - End2End -->
  </suite> <!-- Pango App Suite -->
</testng-results>
