<?xml version="1.0" encoding="UTF-8"?>
<!-- Generated by org.testng.reporters.JUnitXMLReporter -->
<testsuite hostname="AMICHAITO1-HHS" ignored="0" name="Myntra" tests="9" failures="0" timestamp="17 Mar 2019 12:56:48 GMT" time="180.347" errors="0">
  <testcase name="defineVariables" time="7.902" classname="TestNG.DevSanityAllOptions"/>
  <testcase name="initialOffer" time="19.742" classname="TestNG.DevSanityAllOptions"/>
  <testcase name="initialOfferScreen" time="20.574" classname="TestNG.DevSanityAllOptions"/>
  <testcase name="finalOffer" time="43.582" classname="TestNG.DevSanityAllOptions"/>
  <testcase name="finalOfferScreen" time="20.236" classname="TestNG.DevSanityAllOptions"/>
  <testcase name="covers" time="2.366" classname="TestNG.DevSanityAllOptions"/>
  <testcase name="payments" time="38.117" classname="TestNG.DevSanityAllOptions"/>
  <testcase name="creditGuard" time="22.629" classname="TestNG.DevSanityAllOptions"/>
  <testcase name="thankYou" time="5.171" classname="TestNG.DevSanityAllOptions"/>
</testsuite> <!-- Myntra -->
