<?xml version="1.0" encoding="UTF-8"?>
<!-- Generated by org.testng.reporters.JUnitXMLReporter -->
<testsuite hostname="AMICHAITO1-HHS" ignored="0" name="Automated test - End2End" tests="10" failures="3" timestamp="18 Apr 2019 09:48:10 GMT" time="203.352" errors="0">
  <testcase name="initialOfferQuestions" time="19.499" classname="TestNG.sanityAllOptions"/>
  <testcase name="initialOfferScreen" time="34.161" classname="TestNG.sanityAllOptions"/>
  <testcase name="callMeWizard1" time="7.043" classname="TestNG.sanityAllOptions"/>
  <testcase name="finalOfferQuestions" time="53.155" classname="TestNG.sanityAllOptions"/>
  <testcase name="finalOfferScreen" time="24.344" classname="TestNG.sanityAllOptions"/>
  <testcase name="callMeWizard2" time="9.052" classname="TestNG.sanityAllOptions"/>
  <testcase name="covers" time="2.293" classname="TestNG.sanityAllOptions"/>
  <testcase name="payments" time="18.543" classname="TestNG.sanityAllOptions">
    <failure type="java.lang.Exception" message="Failed in PAYMENTS screen">
      <![CDATA[java.lang.Exception: Failed in PAYMENTS screen
at TestNG.sanityAllOptions.payments(sanityAllOptions.java:730)
at java.util.concurrent.FutureTask.run(Unknown Source)
at java.util.concurrent.ThreadPoolExecutor.runWorker(Unknown Source)
at java.util.concurrent.ThreadPoolExecutor$Worker.run(Unknown Source)
at java.lang.Thread.run(Unknown Source)
... Removed 16 stack frames]]>
    </failure>
  </testcase> <!-- payments -->
  <testcase name="iframeCreditGuard" time="10.047" classname="TestNG.sanityAllOptions">
    <failure type="java.lang.Exception" message="Failed in Iframe CreditGuard">
      <![CDATA[java.lang.Exception: Failed in Iframe CreditGuard
at TestNG.sanityAllOptions.iframeCreditGuard(sanityAllOptions.java:770)
at java.util.concurrent.FutureTask.run(Unknown Source)
at java.util.concurrent.ThreadPoolExecutor.runWorker(Unknown Source)
at java.util.concurrent.ThreadPoolExecutor$Worker.run(Unknown Source)
at java.lang.Thread.run(Unknown Source)
... Removed 16 stack frames]]>
    </failure>
  </testcase> <!-- iframeCreditGuard -->
  <testcase name="thankYouPage" time="25.164" classname="TestNG.sanityAllOptions">
    <failure type="java.lang.Exception" message="Failed to display thank you page">
      <![CDATA[java.lang.Exception: Failed to display thank you page
at TestNG.sanityAllOptions.thankYouPage(sanityAllOptions.java:785)
at java.util.concurrent.FutureTask.run(Unknown Source)
at java.util.concurrent.ThreadPoolExecutor.runWorker(Unknown Source)
at java.util.concurrent.ThreadPoolExecutor$Worker.run(Unknown Source)
at java.lang.Thread.run(Unknown Source)
... Removed 16 stack frames]]>
    </failure>
  </testcase> <!-- thankYouPage -->
</testsuite> <!-- Automated test - End2End -->
