<?xml version="1.0" encoding="UTF-8"?>
<!-- Generated by org.testng.reporters.JUnitXMLReporter -->
<testsuite hostname="AMICHAITO1-HHS" ignored="0" name="Dev - End2End" tests="10" failures="2" timestamp="16 Apr 2019 12:40:36 GMT" time="211.806" errors="0">
  <testcase name="initialOfferQuestions" time="19.882" classname="TestNG.sanityAllOptions"/>
  <testcase name="initialOfferScreen" time="23.445" classname="TestNG.sanityAllOptions"/>
  <testcase name="callMeWizard1" time="5.985" classname="TestNG.sanityAllOptions"/>
  <testcase name="finalOfferQuestions" time="52.946" classname="TestNG.sanityAllOptions"/>
  <testcase name="finalOfferScreen" time="19.693" classname="TestNG.sanityAllOptions"/>
  <testcase name="callMeWizard2" time="9.029" classname="TestNG.sanityAllOptions"/>
  <testcase name="covers" time="2.31" classname="TestNG.sanityAllOptions"/>
  <testcase name="payments" time="42.958" classname="TestNG.sanityAllOptions"/>
  <testcase name="iframeCreditGuard" time="10.029" classname="TestNG.sanityAllOptions">
    <failure type="java.lang.Exception" message="Failed in Iframe CreditGuard">
      <![CDATA[java.lang.Exception: Failed in Iframe CreditGuard
at TestNG.sanityAllOptions.iframeCreditGuard(sanityAllOptions.java:773)
at java.util.concurrent.FutureTask.run(Unknown Source)
at java.util.concurrent.ThreadPoolExecutor.runWorker(Unknown Source)
at java.util.concurrent.ThreadPoolExecutor$Worker.run(Unknown Source)
at java.lang.Thread.run(Unknown Source)
... Removed 16 stack frames]]>
    </failure>
  </testcase> <!-- iframeCreditGuard -->
  <testcase name="thankYouPage" time="25.503" classname="TestNG.sanityAllOptions">
    <failure type="java.lang.Exception" message="Failed to display thank you page">
      <![CDATA[java.lang.Exception: Failed to display thank you page
at TestNG.sanityAllOptions.thankYouPage(sanityAllOptions.java:788)
at java.util.concurrent.FutureTask.run(Unknown Source)
at java.util.concurrent.ThreadPoolExecutor.runWorker(Unknown Source)
at java.util.concurrent.ThreadPoolExecutor$Worker.run(Unknown Source)
at java.lang.Thread.run(Unknown Source)
... Removed 16 stack frames]]>
    </failure>
  </testcase> <!-- thankYouPage -->
</testsuite> <!-- Dev - End2End -->
