<?xml version="1.0" encoding="UTF-8"?>
<!-- Generated by org.testng.reporters.JUnitXMLReporter -->
<testsuite hostname="AMICHAITO1-HHS" ignored="1" name="Automated test - End2End" tests="12" failures="3" timestamp="29 Aug 2019 09:01:44 GMT" time="272.256" errors="0">
  <testcase name="initialOfferQuestions" time="21.81" classname="TestNG.sanityAllOptionsTest"/>
  <testcase name="callMeWizard1" time="13.05" classname="TestNG.sanityAllOptionsTest"/>
  <testcase name="initialOfferScreen" time="20.634" classname="TestNG.sanityAllOptionsTest"/>
  <testcase name="finalOfferQuestions" time="39.047" classname="TestNG.sanityAllOptionsTest"/>
  <testcase name="finalOfferScreen" time="15.965" classname="TestNG.sanityAllOptionsTest"/>
  <testcase name="covers" time="2.537" classname="TestNG.sanityAllOptionsTest"/>
  <testcase name="payments" time="17.404" classname="TestNG.sanityAllOptionsTest"/>
  <testcase name="returnSteps" time="34.862" classname="TestNG.sanityAllOptionsTest"/>
  <testcase name="forwardSteps" time="56.603" classname="TestNG.sanityAllOptionsTest"/>
  <testcase name="iframeCreditGuard" time="11.196" classname="TestNG.sanityAllOptionsTest">
    <failure type="java.lang.Exception" message="Failed in Iframe CreditGuard">
      <![CDATA[java.lang.Exception: Failed in Iframe CreditGuard
at TestNG.sanityAllOptionsTest.iframeCreditGuard(sanityAllOptionsTest.java:1143)
at java.util.concurrent.FutureTask.run(Unknown Source)
at java.util.concurrent.ThreadPoolExecutor.runWorker(Unknown Source)
at java.util.concurrent.ThreadPoolExecutor$Worker.run(Unknown Source)
at java.lang.Thread.run(Unknown Source)
... Removed 16 stack frames]]>
    </failure>
  </testcase> <!-- iframeCreditGuard -->
  <testcase name="thankYouPage" time="35.073" classname="TestNG.sanityAllOptionsTest">
    <failure type="java.lang.Exception" message="Failed to display thank you page">
      <![CDATA[java.lang.Exception: Failed to display thank you page
at TestNG.sanityAllOptionsTest.thankYouPage(sanityAllOptionsTest.java:1160)
at java.util.concurrent.FutureTask.run(Unknown Source)
at java.util.concurrent.ThreadPoolExecutor.runWorker(Unknown Source)
at java.util.concurrent.ThreadPoolExecutor$Worker.run(Unknown Source)
at java.lang.Thread.run(Unknown Source)
... Removed 16 stack frames]]>
    </failure>
  </testcase> <!-- thankYouPage -->
  <testcase name="registeredAccount" time="4.034" classname="TestNG.sanityAllOptionsTest">
    <failure type="java.lang.Exception" message="Failed to display thank you page">
      <![CDATA[java.lang.Exception: Failed to display thank you page
at TestNG.sanityAllOptionsTest.registeredAccount(sanityAllOptionsTest.java:1181)
at java.util.concurrent.FutureTask.run(Unknown Source)
at java.util.concurrent.ThreadPoolExecutor.runWorker(Unknown Source)
at java.util.concurrent.ThreadPoolExecutor$Worker.run(Unknown Source)
at java.lang.Thread.run(Unknown Source)
... Removed 16 stack frames]]>
    </failure>
  </testcase> <!-- registeredAccount -->
  <testcase name="callMeWizard2" time="0.0" classname="TestNG.sanityAllOptionsTest">
    <ignored/>
  </testcase> <!-- callMeWizard2 -->
</testsuite> <!-- Automated test - End2End -->
