<?xml version="1.0" encoding="UTF-8"?>
<!-- Generated by org.testng.reporters.JUnitXMLReporter -->
<testsuite hostname="AMICHAITO1-HHS" ignored="1" name="Automated test - End2End" tests="12" failures="5" timestamp="14 Jul 2019 13:59:24 GMT" time="223.593" errors="0">
  <testcase name="initialOfferQuestions" time="21.792" classname="TestNG.sanityAllOptionsTest"/>
  <testcase name="callMeWizard1" time="13.011" classname="TestNG.sanityAllOptionsTest"/>
  <testcase name="initialOfferScreen" time="20.567" classname="TestNG.sanityAllOptionsTest"/>
  <testcase name="finalOfferQuestions" time="44.287" classname="TestNG.sanityAllOptionsTest"/>
  <testcase name="finalOfferScreen" time="15.981" classname="TestNG.sanityAllOptionsTest"/>
  <testcase name="covers" time="2.528" classname="TestNG.sanityAllOptionsTest"/>
  <testcase name="payments" time="17.401" classname="TestNG.sanityAllOptionsTest"/>
  <testcase name="returnSteps" time="6.683" classname="TestNG.sanityAllOptionsTest">
    <failure type="java.lang.Exception" message="Failed in moveing BACKWARD">
      <![CDATA[java.lang.Exception: Failed in moveing BACKWARD
at TestNG.sanityAllOptionsTest.returnSteps(sanityAllOptionsTest.java:939)
at java.util.concurrent.FutureTask.run(Unknown Source)
at java.util.concurrent.ThreadPoolExecutor.runWorker(Unknown Source)
at java.util.concurrent.ThreadPoolExecutor$Worker.run(Unknown Source)
at java.lang.Thread.run(Unknown Source)
... Removed 16 stack frames]]>
    </failure>
  </testcase> <!-- returnSteps -->
  <testcase name="forwardSteps" time="2.038" classname="TestNG.sanityAllOptionsTest">
    <failure type="java.lang.Exception" message="Failed in moveing FORWARD">
      <![CDATA[java.lang.Exception: Failed in moveing FORWARD
at TestNG.sanityAllOptionsTest.forwardSteps(sanityAllOptionsTest.java:1029)
at java.util.concurrent.FutureTask.run(Unknown Source)
at java.util.concurrent.ThreadPoolExecutor.runWorker(Unknown Source)
at java.util.concurrent.ThreadPoolExecutor$Worker.run(Unknown Source)
at java.lang.Thread.run(Unknown Source)
... Removed 16 stack frames]]>
    </failure>
  </testcase> <!-- forwardSteps -->
  <testcase name="iframeCreditGuard" time="40.022" classname="TestNG.sanityAllOptionsTest">
    <failure type="java.lang.Exception" message="Failed in Iframe CreditGuard">
      <![CDATA[java.lang.Exception: Failed in Iframe CreditGuard
at TestNG.sanityAllOptionsTest.iframeCreditGuard(sanityAllOptionsTest.java:1076)
at java.util.concurrent.FutureTask.run(Unknown Source)
at java.util.concurrent.ThreadPoolExecutor.runWorker(Unknown Source)
at java.util.concurrent.ThreadPoolExecutor$Worker.run(Unknown Source)
at java.lang.Thread.run(Unknown Source)
... Removed 16 stack frames]]>
    </failure>
  </testcase> <!-- iframeCreditGuard -->
  <testcase name="thankYouPage" time="35.218" classname="TestNG.sanityAllOptionsTest">
    <failure type="java.lang.Exception" message="Failed to display thank you page">
      <![CDATA[java.lang.Exception: Failed to display thank you page
at TestNG.sanityAllOptionsTest.thankYouPage(sanityAllOptionsTest.java:1093)
at java.util.concurrent.FutureTask.run(Unknown Source)
at java.util.concurrent.ThreadPoolExecutor.runWorker(Unknown Source)
at java.util.concurrent.ThreadPoolExecutor$Worker.run(Unknown Source)
at java.lang.Thread.run(Unknown Source)
... Removed 16 stack frames]]>
    </failure>
  </testcase> <!-- thankYouPage -->
  <testcase name="registeredAccount" time="4.022" classname="TestNG.sanityAllOptionsTest">
    <failure type="java.lang.Exception" message="Failed to display thank you page">
      <![CDATA[java.lang.Exception: Failed to display thank you page
at TestNG.sanityAllOptionsTest.registeredAccount(sanityAllOptionsTest.java:1114)
at java.util.concurrent.FutureTask.run(Unknown Source)
at java.util.concurrent.ThreadPoolExecutor.runWorker(Unknown Source)
at java.util.concurrent.ThreadPoolExecutor$Worker.run(Unknown Source)
at java.lang.Thread.run(Unknown Source)
... Removed 16 stack frames]]>
    </failure>
  </testcase> <!-- registeredAccount -->
  <testcase name="callMeWizard2" time="0.0" classname="TestNG.sanityAllOptionsTest">
    <ignored/>
  </testcase> <!-- callMeWizard2 -->
</testsuite> <!-- Automated test - End2End -->
